1642623812923	geckodriver	INFO	Listening on 127.0.0.1:20934
1642623815997	mozrunner::runner	INFO	Running command: "C:\\Program Files\\Mozilla Firefox\\firefox.exe" "--marionette" "--remote-debugging-port" "20935" "-no-remote" "-profile" "C:\\Users\\sergi\\AppData\\Local\\Temp\\rust_mozprofilej6iJ5K"
1642623816390	Marionette	INFO	Marionette enabled
console.warn: SearchSettings: "get: No settings file exists, new profile?" (new NotFoundError("Could not open the file at C:\\Users\\sergi\\AppData\\Local\\Temp\\rust_mozprofilej6iJ5K\\search.json.mozlz4", (void 0)))
DevTools listening on ws://localhost:20935/devtools/browser/fc61d17b-ee16-4bd7-8a27-bc43a260e3ba
1642623818865	Marionette	INFO	Listening on port 20940
1642623819205	RemoteAgent	WARN	TLS certificate errors will be ignored for this session
JavaScript warning: https://assets.adobedtm.com/92c238f848e3/0fc93359920c/launch-26891e3701a2.min.js, line 7: WEBGL_debug_renderer_info is deprecated in Firefox and will be removed. Please use RENDERER.
JavaScript warning: https://www.bell.ca/static/bell_common.js?seed=AAC27HN-AQAAaGR8UY-ZhMXQok_I_S9FoPca2n4po5BKz-MdBubdlD6XwtWK&lmSeL8qArw--z=q, line 1: WEBGL_debug_renderer_info is deprecated in Firefox and will be removed. Please use RENDERER.
1642623824998	Marionette	WARN	TimedPromise timed out after 500 ms: stacktrace:
TimedPromise/<@chrome://remote/content/marionette/sync.js:239:19
TimedPromise@chrome://remote/content/marionette/sync.js:224:10
interaction.flushEventLoop@chrome://remote/content/marionette/interaction.js:431:10
webdriverClickElement@chrome://remote/content/marionette/interaction.js:179:31
JavaScript warning: https://www.bell.ca/ line 1 > injectedScript, line 1: WEBGL_debug_renderer_info is deprecated in Firefox and will be removed. Please use RENDERER.
JavaScript error: https://media-us1.digital.nuance.com/media/launch/tcFramework.min.js?codeVersion=1642055941303, line 1: SecurityError: Permission denied to access property "document" on cross-origin object
JavaScript warning: https://assets.adobedtm.com/launch-ENebd7a9b148404f67903d514c40949f24.min.js, line 7: WEBGL_debug_renderer_info is deprecated in Firefox and will be removed. Please use RENDERER.
JavaScript warning: https://pfobellweb.hs.llnwd.net/styles/RSX/bell.js?v=IW6DBVkr4f2qtJa30Ki1QnJO5IyCEzzEzCdeNQZfE3M1&ver=00000000, line 1: WEBGL_debug_renderer_info is deprecated in Firefox and will be removed. Please use RENDERER.
JavaScript error: https://pfobellweb.hs.llnwd.net/resource/web/common/all_languages/all_regions/js/metrics/s_code_bell.js?v=23042015EH01&ver=201607271402, line 1: SyntaxError: expected expression, got '<'
JavaScript warning: https://mybell.bell.ca/static/bell_common.js?seed=AAC27HN-AQAAaGR8UY-ZhMXQok_I_S9FoPca2n4po5BKz-MdBubdlD6XwtWK&lmSeL8qArw--z=q, line 1: WEBGL_debug_renderer_info is deprecated in Firefox and will be removed. Please use RENDERER.
console.warn: LoginRecipes: "getRecipes: falling back to a synchronous message for:" "https://mybell.bell.ca"
console.warn: LoginRecipes: "getRecipes: falling back to a synchronous message for:" "https://mybell.bell.ca"
console.warn: LoginRecipes: "getRecipes: falling back to a synchronous message for:" "https://tr.snapchat.com"
console.warn: LoginRecipes: "getRecipes: falling back to a synchronous message for:" "https://mybell.bell.ca"
console.warn: LoginRecipes: "getRecipes: falling back to a synchronous message for:" "https://mybell.bell.ca"
JavaScript error: resource://gre/modules/LoginManagerParent.jsm, line 136: TypeError: gRecipeManager is null
console.warn: LoginRecipes: "getRecipes: falling back to a synchronous message for:" "https://mybell.bell.ca"
JavaScript error: resource://gre/modules/LoginManagerParent.jsm, line 136: TypeError: gRecipeManager is null
JavaScript error: https://media-us1.digital.nuance.com/media/launch/tcFramework.min.js?codeVersion=1642055941303, line 1: TypeError: node is undefined
JavaScript warning: https://assets.adobedtm.com/launch-ENebd7a9b148404f67903d514c40949f24.min.js, line 7: WEBGL_debug_renderer_info is deprecated in Firefox and will be removed. Please use RENDERER.
JavaScript warning: https://pfobellweb.hs.llnwd.net/styles/RSX/bell.js?v=IW6DBVkr4f2qtJa30Ki1QnJO5IyCEzzEzCdeNQZfE3M1&ver=00000000, line 1: WEBGL_debug_renderer_info is deprecated in Firefox and will be removed. Please use RENDERER.
JavaScript error: https://pfobellweb.hs.llnwd.net/resource/web/common/all_languages/all_regions/js/metrics/s_code_bell.js?v=23042015EH01&ver=201607271402, line 1: SyntaxError: expected expression, got '<'
console.warn: LoginRecipes: "getRecipes: falling back to a synchronous message for:" "https://mybell.bell.ca"
JavaScript error: resource://gre/modules/LoginManagerParent.jsm, line 136: TypeError: gRecipeManager is null
JavaScript warning: https://mybell.bell.ca/static/bell_common.js?seed=AAC27HN-AQAAaGR8UY-ZhMXQok_I_S9FoPca2n4po5BKz-MdBubdlD6XwtWK&lmSeL8qArw--z=q, line 1: WEBGL_debug_renderer_info is deprecated in Firefox and will be removed. Please use RENDERER.
1642623835815	Marionette	INFO	Stopped listening on port 20940
console.warn: TopSitesFeed: Failed to fetch data from Contile server: NetworkError when attempting to fetch resource.
JavaScript error: chrome://remote/content/marionette/cert.js, line 55: NS_ERROR_NOT_AVAILABLE: Component returned failure code: 0x80040111 (NS_ERROR_NOT_AVAILABLE) [nsICertOverrideService.setDisableAllSecurityChecksAndLetAttackersInterceptMyData]

###!!! [Parent][RunMessage] Error: Channel closing: too late to send/recv, messages will be lost

1642624185787	geckodriver	INFO	Listening on 127.0.0.1:21347
1642624188854	mozrunner::runner	INFO	Running command: "C:\\Program Files\\Mozilla Firefox\\firefox.exe" "--marionette" "--remote-debugging-port" "21348" "-no-remote" "-profile" "C:\\Users\\sergi\\AppData\\Local\\Temp\\rust_mozprofileGkwQrE"
1642624189204	Marionette	INFO	Marionette enabled
console.warn: SearchSettings: "get: No settings file exists, new profile?" (new NotFoundError("Could not open the file at C:\\Users\\sergi\\AppData\\Local\\Temp\\rust_mozprofileGkwQrE\\search.json.mozlz4", (void 0)))
DevTools listening on ws://localhost:21348/devtools/browser/de64a10c-ac04-4a6d-b0f6-456fd0c0f75f
1642624191508	Marionette	INFO	Listening on port 21353
1642624191544	RemoteAgent	WARN	TLS certificate errors will be ignored for this session
JavaScript warning: https://www.chase.com/c/121221/etc/designs/chase-ux/clientlibs/chase-ux/js/dist/index.min.js, line 7: WEBGL_debug_renderer_info is deprecated in Firefox and will be removed. Please use RENDERER.
JavaScript warning: https://secure01b.chase.com/web/auth/logonbox?treatment=chase&lang=en&fromOrigin=https%3A%2F%2Fwww.chase.com#/logonbox/index/index, line 42: WEBGL_debug_renderer_info is deprecated in Firefox and will be removed. Please use RENDERER.
console.warn: LoginRecipes: "getRecipes: falling back to a synchronous message for:" "https://secure01b.chase.com"
JavaScript warning: https://secure01b.chase.com/web/auth/dashboard, line 29: WEBGL_debug_renderer_info is deprecated in Firefox and will be removed. Please use RENDERER.
JavaScript warning: https://secure01b.chase.com/web/auth/?fromOrigin=https://secure01b.chase.com, line 46: WEBGL_debug_renderer_info is deprecated in Firefox and will be removed. Please use RENDERER.
console.warn: LoginRecipes: "getRecipes: falling back to a synchronous message for:" "https://secure01b.chase.com"
JavaScript error: resource://gre/modules/AsyncShutdown.jsm, line 575: NotFoundError: No such JSWindowActor 'DevToolsFrame'
1642624761457	Marionette	INFO	Stopped listening on port 21353
console.warn: TopSitesFeed: Failed to fetch data from Contile server: NetworkError when attempting to fetch resource.
